{"file":"cfg_apply.go","func":"logx.ApplyConfigs()","level":"info","msg":"logx: output log message to ./examples/logs","time":"2023-08-08 17:18:49.008"}
{"file":"loader.go","func":"cfgx.init.0()","level":"info","msg":"cfgx: use configuration file: ./conf/sdp.conf","time":"2023-08-08 17:18:49.008"}
{"file":"etcd.go","func":"etcdx.init.0()","level":"info","msg":"etcdx: endpoints is vm-etcd-single:2379","time":"2023-08-08 17:18:49.009"}
{"file":"cfg_apply.go","func":"logx.ApplyConfigs()","level":"info","msg":"logx: output log message to ./examples/logs","time":"2023-08-08 17:19:42.078"}
{"file":"loader.go","func":"cfgx.init.0()","level":"info","msg":"cfgx: use configuration file: ./conf/sdp.conf","time":"2023-08-08 17:19:42.078"}
{"file":"etcd.go","func":"etcdx.init.0()","level":"info","msg":"etcdx: endpoints is vm-etcd-single:2379","time":"2023-08-08 17:19:42.079"}
{"file":"cfg_apply.go","func":"logx.ApplyConfigs()","level":"info","msg":"logx: output log message to ./examples/logs","time":"2023-08-08 17:20:14.744"}
{"file":"loader.go","func":"cfgx.init.0()","level":"info","msg":"cfgx: use configuration file: ./conf/sdp.conf","time":"2023-08-08 17:20:14.744"}
{"file":"etcd.go","func":"etcdx.init.0()","level":"info","msg":"etcdx: endpoints is vm-etcd-single:2379","time":"2023-08-08 17:20:14.745"}
{"file":"cfg_apply.go","func":"logx.ApplyConfigs()","level":"info","msg":"logx: output log message to ./examples/logs","time":"2023-08-08 17:29:19.490"}
{"file":"loader.go","func":"cfgx.init.0()","level":"info","msg":"cfgx: use configuration file: ./conf/sdp.conf","time":"2023-08-08 17:29:19.490"}
{"file":"etcd.go","func":"etcdx.init.0()","level":"info","msg":"etcdx: endpoints is vm-etcd-single:2379","time":"2023-08-08 17:29:19.491"}
{"file":"cfg_apply.go","func":"logx.ApplyConfigs()","level":"info","msg":"logx: output log message to ./examples/logs","time":"2023-08-08 18:10:51.802"}
{"file":"loader.go","func":"cfgx.init.0()","level":"info","msg":"cfgx: use configuration file: ./conf/sdp.conf","time":"2023-08-08 18:10:51.803"}
{"file":"db.go","func":"gormx.init.0()","level":"fatal","msg":"gormx: invalid database configuration","time":"2023-08-08 18:10:51.803"}
{"file":"cfg_apply.go","func":"logx.ApplyConfigs()","level":"info","msg":"logx: output log message to ./examples/logs","time":"2023-08-08 18:12:44.494"}
{"file":"loader.go","func":"cfgx.init.0()","level":"info","msg":"cfgx: use configuration file: ./conf/sdp.conf","time":"2023-08-08 18:12:44.494"}
{"file":"db.go","func":"gormx.init.0()","level":"info","msg":"gormx: database dsn: lidan:123456@tcp(vm-sdp-misc:3306)/sdp","time":"2023-08-08 18:12:44.503"}
{"file":"main.go","func":"main.main()","level":"info","msg":"user ={\"Id\":1,\"Username\":\"ZHANG Li Dan\"}","time":"2023-08-08 18:12:44.505"}
{"file":"cfg_apply.go","func":"logx.ApplyConfigs()","level":"info","msg":"logx: output log message to ./examples/logs","time":"2023-08-08 18:15:45.737"}
{"file":"loader.go","func":"cfgx.init.0()","level":"info","msg":"cfgx: use configuration file: ./conf/sdp.conf","time":"2023-08-08 18:15:45.737"}
{"file":"db.go","func":"gormx.init.0()","level":"info","msg":"gormx: database dsn: lidan:123456@tcp(vm-sdp-misc:3306)/sdp","time":"2023-08-08 18:15:45.745"}
{"file":"main.go","func":"main.main()","level":"info","msg":"user ={\"Id\":1,\"Username\":\"ZHANG Li Dan\"}","time":"2023-08-08 18:15:45.748"}
{"file":"cfg_apply.go","func":"logx.ApplyConfigs()","level":"info","msg":"logx: output log message to ./examples/logs","time":"2023-08-08 18:24:28.184"}
{"file":"loader.go","func":"cfgx.init.0()","level":"info","msg":"cfgx: use configuration file: ./conf/sdp.conf","time":"2023-08-08 18:24:28.185"}
{"file":"db.go","func":"gormx.init.0()","level":"info","msg":"gormx: database dsn: lidan:123456@tcp(vm-sdp-misc:3306)/sdp","time":"2023-08-08 18:24:28.194"}
{"file":"main.go","func":"main.main()","level":"info","msg":"user ={\"Id\":1,\"Username\":\"ZHANG Li Dan\"}","time":"2023-08-08 18:24:28.197"}
